e:\projects\visual studio\learncuda2\learncuda2\x64\debug\cuda_helpers.cu.obj
e:\projects\visual studio\learncuda2\learncuda2\x64\debug\gl_helper.cu.obj
e:\projects\visual studio\learncuda2\learncuda2\x64\debug\gpu_atomics.cu.obj
e:\projects\visual studio\learncuda2\learncuda2\x64\debug\gpu_interop.cu.obj
e:\projects\visual studio\learncuda2\learncuda2\x64\debug\gpu_vectoradd.cu.obj
e:\projects\visual studio\learncuda2\x64\debug\learncuda2.exe
e:\projects\visual studio\learncuda2\x64\debug\learncuda2.pdb
e:\projects\visual studio\learncuda2\learncuda2\x64\debug\learncuda2.ilk
e:\projects\visual studio\learncuda2\learncuda2\x64\debug\cuda_helpers.cu.cache
e:\projects\visual studio\learncuda2\learncuda2\x64\debug\gl_helper.cu.cache
e:\projects\visual studio\learncuda2\learncuda2\x64\debug\gpu_atomics.cu.cache
e:\projects\visual studio\learncuda2\learncuda2\x64\debug\gpu_interop.cu.cache
e:\projects\visual studio\learncuda2\learncuda2\x64\debug\gpu_vectoradd.cu.cache
e:\projects\visual studio\learncuda2\learncuda2\x64\debug\vc143.idb
e:\projects\visual studio\learncuda2\learncuda2\x64\debug\vc143.pdb
e:\projects\visual studio\learncuda2\learncuda2\x64\debug\learncuda2.tlog\cl.command.1.tlog
e:\projects\visual studio\learncuda2\learncuda2\x64\debug\learncuda2.tlog\cl.items.tlog
e:\projects\visual studio\learncuda2\learncuda2\x64\debug\learncuda2.tlog\cudacompile.read.1u.tlog
e:\projects\visual studio\learncuda2\learncuda2\x64\debug\learncuda2.tlog\cudacompile.write.1u.tlog
e:\projects\visual studio\learncuda2\learncuda2\x64\debug\learncuda2.tlog\link.command.1.tlog
e:\projects\visual studio\learncuda2\learncuda2\x64\debug\learncuda2.tlog\link.read.1.tlog
e:\projects\visual studio\learncuda2\learncuda2\x64\debug\learncuda2.tlog\link.secondary.1.tlog
e:\projects\visual studio\learncuda2\learncuda2\x64\debug\learncuda2.tlog\link.write.1.tlog
